app/build/intermediates/manifest_merge_blame_file/release/manifest-merger-blame-release-report.txt
1<?xml version="1.0" encoding="utf-8"?>
2<manifest xmlns:android="http://schemas.android.com/apk/res/android"
3    package="com.trivia.kotlin.appscriptask"
4    android:versionCode="1"
5    android:versionName="1.0" >
6
7    <uses-sdk
8        android:minSdkVersion="21"
8-->src/main/AndroidManifest.xml
9        android:targetSdkVersion="30" />
9-->src/main/AndroidManifest.xml
10
11    <application
11-->src/main/AndroidManifest.xml:5:5-22:19
12        android:name="com.trivia.kotlin.appscriptask.MyApp"
12-->src/main/AndroidManifest.xml:6:9-60
13        android:allowBackup="true"
13-->src/main/AndroidManifest.xml:7:9-35
14        android:appComponentFactory="androidx.core.app.CoreComponentFactory"
14-->[androidx.core:core:1.5.0] AndroidManifest.xml:24:18-86
15        android:icon="@mipmap/ic_launcher"
15-->src/main/AndroidManifest.xml:8:9-43
16        android:label="@string/app_name"
16-->src/main/AndroidManifest.xml:9:9-41
17        android:roundIcon="@mipmap/ic_launcher_round"
17-->src/main/AndroidManifest.xml:10:9-54
18        android:supportsRtl="true"
18-->src/main/AndroidManifest.xml:11:9-35
19        android:theme="@style/Theme.AppscripTask" >
19-->src/main/AndroidManifest.xml:12:9-50
20        <activity
20-->src/main/AndroidManifest.xml:13:9-21:20
21            android:name="com.trivia.kotlin.appscriptask.ui.screens.MainActivity"
21-->src/main/AndroidManifest.xml:15:13-82
22            android:windowSoftInputMode="adjustPan" >
22-->src/main/AndroidManifest.xml:14:13-52
23            <intent-filter>
23-->src/main/AndroidManifest.xml:16:13-20:29
24                <action android:name="android.intent.action.MAIN" />
24-->src/main/AndroidManifest.xml:17:17-69
24-->src/main/AndroidManifest.xml:17:25-66
25
26                <category android:name="android.intent.category.LAUNCHER" />
26-->src/main/AndroidManifest.xml:19:17-77
26-->src/main/AndroidManifest.xml:19:27-74
27            </intent-filter>
28        </activity>
29
30        <service
30-->[androidx.room:room-runtime:2.3.0] AndroidManifest.xml:25:9-28:40
31            android:name="androidx.room.MultiInstanceInvalidationService"
31-->[androidx.room:room-runtime:2.3.0] AndroidManifest.xml:26:13-74
32            android:directBootAware="true"
32-->[androidx.room:room-runtime:2.3.0] AndroidManifest.xml:27:13-43
33            android:exported="false" />
33-->[androidx.room:room-runtime:2.3.0] AndroidManifest.xml:28:13-37
34    </application>
35
36</manifest>